<?xml version="1.0" encoding="UTF-8"?>
<!-- Generated by org.testng.reporters.JUnitReportReporter -->
<testsuite skipped="0" hostname="DESKTOP-LOQTLBC" name="com.developerconnectormern.Tests.TC_DM_Register_001" tests="1" failures="0" timestamp="2020-07-13T23:41:15 IST" time="71.772" errors="0">
  <testcase name="signup" time="71.772" classname="com.developerconnectormern.Tests.TC_DM_Register_001"/>
  <system-out/>
</testsuite> <!-- com.developerconnectormern.Tests.TC_DM_Register_001 -->
